<?xml version="1.0" encoding="UTF-8"?>
<coverage generated="1706214945241" clover="3.2.0">
  <project timestamp="1706214945241" name="All files">
    <metrics statements="222" coveredstatements="214" conditionals="62" coveredconditionals="52" methods="84" coveredmethods="74" elements="368" coveredelements="340" complexity="0" loc="222" ncloc="222" packages="7" files="21" classes="21"/>
    <package name="src.domain">
      <metrics statements="57" coveredstatements="49" conditionals="0" coveredconditionals="0" methods="29" coveredmethods="21"/>
      <file name="accountDto.ts" path="/home/anderson/projects/estudo/clean-code-clean-arcihtecture-rodrigo-branas/cccat15/src/domain/accountDto.ts">
        <metrics statements="18" coveredstatements="17" conditionals="0" coveredconditionals="0" methods="10" coveredmethods="9"/>
        <line num="1" count="9" type="stmt"/>
        <line num="3" count="38" type="stmt"/>
        <line num="4" count="38" type="stmt"/>
        <line num="5" count="38" type="stmt"/>
        <line num="6" count="38" type="stmt"/>
        <line num="7" count="38" type="stmt"/>
        <line num="8" count="38" type="stmt"/>
        <line num="9" count="38" type="stmt"/>
        <line num="10" count="38" type="stmt"/>
        <line num="14" count="44" type="stmt"/>
        <line num="18" count="19" type="stmt"/>
        <line num="22" count="26" type="stmt"/>
        <line num="26" count="15" type="stmt"/>
        <line num="30" count="10" type="stmt"/>
        <line num="34" count="7" type="stmt"/>
        <line num="38" count="11" type="stmt"/>
        <line num="42" count="10" type="stmt"/>
        <line num="46" count="0" type="stmt"/>
      </file>
      <file name="coordinateDto.ts" path="/home/anderson/projects/estudo/clean-code-clean-arcihtecture-rodrigo-branas/cccat15/src/domain/coordinateDto.ts">
        <metrics statements="5" coveredstatements="3" conditionals="0" coveredconditionals="0" methods="3" coveredmethods="1"/>
        <line num="1" count="4" type="stmt"/>
        <line num="3" count="28" type="stmt"/>
        <line num="4" count="28" type="stmt"/>
        <line num="8" count="0" type="stmt"/>
        <line num="12" count="0" type="stmt"/>
      </file>
      <file name="rideDto.ts" path="/home/anderson/projects/estudo/clean-code-clean-arcihtecture-rodrigo-branas/cccat15/src/domain/rideDto.ts">
        <metrics statements="21" coveredstatements="16" conditionals="0" coveredconditionals="0" methods="12" coveredmethods="7"/>
        <line num="4" count="4" type="stmt"/>
        <line num="6" count="12" type="stmt"/>
        <line num="7" count="12" type="stmt"/>
        <line num="8" count="12" type="stmt"/>
        <line num="9" count="12" type="stmt"/>
        <line num="10" count="12" type="stmt"/>
        <line num="11" count="12" type="stmt"/>
        <line num="12" count="12" type="stmt"/>
        <line num="13" count="12" type="stmt"/>
        <line num="14" count="12" type="stmt"/>
        <line num="18" count="16" type="stmt"/>
        <line num="22" count="1" type="stmt"/>
        <line num="26" count="7" type="stmt"/>
        <line num="30" count="1" type="stmt"/>
        <line num="34" count="13" type="stmt"/>
        <line num="37" count="2" type="stmt"/>
        <line num="41" count="0" type="stmt"/>
        <line num="45" count="0" type="stmt"/>
        <line num="49" count="0" type="stmt"/>
        <line num="53" count="0" type="stmt"/>
        <line num="57" count="0" type="stmt"/>
      </file>
      <file name="rideDtoRequest.ts" path="/home/anderson/projects/estudo/clean-code-clean-arcihtecture-rodrigo-branas/cccat15/src/domain/rideDtoRequest.ts">
        <metrics statements="7" coveredstatements="7" conditionals="0" coveredconditionals="0" methods="4" coveredmethods="4"/>
        <line num="3" count="1" type="stmt"/>
        <line num="5" count="4" type="stmt"/>
        <line num="6" count="4" type="stmt"/>
        <line num="7" count="4" type="stmt"/>
        <line num="11" count="8" type="stmt"/>
        <line num="15" count="2" type="stmt"/>
        <line num="19" count="2" type="stmt"/>
      </file>
      <file name="rideValues.ts" path="/home/anderson/projects/estudo/clean-code-clean-arcihtecture-rodrigo-branas/cccat15/src/domain/rideValues.ts">
        <metrics statements="6" coveredstatements="6" conditionals="0" coveredconditionals="0" methods="0" coveredmethods="0"/>
        <line num="1" count="4" type="stmt"/>
        <line num="2" count="4" type="stmt"/>
        <line num="3" count="4" type="stmt"/>
        <line num="4" count="4" type="stmt"/>
        <line num="5" count="4" type="stmt"/>
        <line num="6" count="4" type="stmt"/>
      </file>
    </package>
    <package name="src.repository.account">
      <metrics statements="14" coveredstatements="14" conditionals="2" coveredconditionals="2" methods="11" coveredmethods="11"/>
      <file name="accountRepositoryInMemory.ts" path="/home/anderson/projects/estudo/clean-code-clean-arcihtecture-rodrigo-branas/cccat15/src/repository/account/accountRepositoryInMemory.ts">
        <metrics statements="14" coveredstatements="14" conditionals="2" coveredconditionals="2" methods="11" coveredmethods="11"/>
        <line num="4" count="9" type="stmt"/>
        <line num="5" count="34" type="stmt"/>
        <line num="8" count="27" type="stmt"/>
        <line num="12" count="18" type="stmt"/>
        <line num="16" count="5" type="stmt"/>
        <line num="20" count="1" type="stmt"/>
        <line num="24" count="1" type="stmt"/>
        <line num="25" count="1" type="stmt"/>
        <line num="27" count="1" type="cond" truecount="1" falsecount="0"/>
        <line num="28" count="1" type="stmt"/>
        <line num="33" count="1" type="stmt"/>
        <line num="34" count="1" type="stmt"/>
        <line num="36" count="1" type="cond" truecount="1" falsecount="0"/>
        <line num="37" count="1" type="stmt"/>
      </file>
    </package>
    <package name="src.repository.ride">
      <metrics statements="12" coveredstatements="12" conditionals="23" coveredconditionals="15" methods="14" coveredmethods="12"/>
      <file name="rideRepositoryInMemory.ts" path="/home/anderson/projects/estudo/clean-code-clean-arcihtecture-rodrigo-branas/cccat15/src/repository/ride/rideRepositoryInMemory.ts">
        <metrics statements="12" coveredstatements="12" conditionals="23" coveredconditionals="15" methods="14" coveredmethods="12"/>
        <line num="4" count="4" type="stmt"/>
        <line num="5" count="15" type="stmt"/>
        <line num="8" count="12" type="stmt"/>
        <line num="12" count="13" type="stmt"/>
        <line num="16" count="2" type="stmt"/>
        <line num="17" count="2" type="stmt"/>
        <line num="19" count="2" type="cond" truecount="1" falsecount="0"/>
        <line num="20" count="2" type="stmt"/>
        <line num="25" count="3" type="cond" truecount="2" falsecount="1"/>
        <line num="26" count="3" type="cond" truecount="3" falsecount="1"/>
        <line num="30" count="2" type="cond" truecount="2" falsecount="5"/>
        <line num="31" count="3" type="cond" truecount="7" falsecount="1"/>
      </file>
    </package>
    <package name="src.usecase.account">
      <metrics statements="49" coveredstatements="49" conditionals="14" coveredconditionals="14" methods="10" coveredmethods="10"/>
      <file name="deleteAccountUseCase.ts" path="/home/anderson/projects/estudo/clean-code-clean-arcihtecture-rodrigo-branas/cccat15/src/usecase/account/deleteAccountUseCase.ts">
        <metrics statements="6" coveredstatements="6" conditionals="1" coveredconditionals="1" methods="2" coveredmethods="2"/>
        <line num="3" count="1" type="stmt"/>
        <line num="4" count="3" type="stmt"/>
        <line num="7" count="2" type="stmt"/>
        <line num="8" count="2" type="cond" truecount="1" falsecount="0"/>
        <line num="9" count="1" type="stmt"/>
        <line num="11" count="1" type="stmt"/>
      </file>
      <file name="getAccountUseCase.ts" path="/home/anderson/projects/estudo/clean-code-clean-arcihtecture-rodrigo-branas/cccat15/src/usecase/account/getAccountUseCase.ts">
        <metrics statements="6" coveredstatements="6" conditionals="1" coveredconditionals="1" methods="2" coveredmethods="2"/>
        <line num="4" count="1" type="stmt"/>
        <line num="5" count="4" type="stmt"/>
        <line num="8" count="3" type="stmt"/>
        <line num="9" count="3" type="cond" truecount="1" falsecount="0"/>
        <line num="10" count="1" type="stmt"/>
        <line num="12" count="2" type="stmt"/>
      </file>
      <file name="listAccountsUseCase.ts" path="/home/anderson/projects/estudo/clean-code-clean-arcihtecture-rodrigo-branas/cccat15/src/usecase/account/listAccountsUseCase.ts">
        <metrics statements="3" coveredstatements="3" conditionals="0" coveredconditionals="0" methods="2" coveredmethods="2"/>
        <line num="3" count="1" type="stmt"/>
        <line num="4" count="2" type="stmt"/>
        <line num="7" count="1" type="stmt"/>
      </file>
      <file name="signupUseCase.ts" path="/home/anderson/projects/estudo/clean-code-clean-arcihtecture-rodrigo-branas/cccat15/src/usecase/account/signupUseCase.ts">
        <metrics statements="19" coveredstatements="19" conditionals="5" coveredconditionals="5" methods="2" coveredmethods="2"/>
        <line num="1" count="1" type="stmt"/>
        <line num="3" count="1" type="stmt"/>
        <line num="4" count="1" type="stmt"/>
        <line num="5" count="1" type="stmt"/>
        <line num="6" count="1" type="stmt"/>
        <line num="7" count="1" type="stmt"/>
        <line num="9" count="1" type="stmt"/>
        <line num="10" count="7" type="stmt"/>
        <line num="13" count="6" type="cond" truecount="1" falsecount="0"/>
        <line num="14" count="5" type="cond" truecount="1" falsecount="0"/>
        <line num="15" count="4" type="cond" truecount="1" falsecount="0"/>
        <line num="16" count="3" type="cond" truecount="1" falsecount="0"/>
        <line num="17" count="2" type="stmt"/>
        <line num="18" count="2" type="cond" truecount="1" falsecount="0"/>
        <line num="20" count="1" type="stmt"/>
        <line num="21" count="1" type="stmt"/>
        <line num="31" count="1" type="stmt"/>
        <line num="32" count="1" type="stmt"/>
        <line num="33" count="1" type="stmt"/>
      </file>
      <file name="updateAccountUseCase.ts" path="/home/anderson/projects/estudo/clean-code-clean-arcihtecture-rodrigo-branas/cccat15/src/usecase/account/updateAccountUseCase.ts">
        <metrics statements="15" coveredstatements="15" conditionals="7" coveredconditionals="7" methods="2" coveredmethods="2"/>
        <line num="3" count="1" type="stmt"/>
        <line num="4" count="1" type="stmt"/>
        <line num="5" count="1" type="stmt"/>
        <line num="7" count="1" type="stmt"/>
        <line num="8" count="9" type="stmt"/>
        <line num="11" count="6" type="cond" truecount="1" falsecount="0"/>
        <line num="12" count="5" type="cond" truecount="1" falsecount="0"/>
        <line num="13" count="4" type="cond" truecount="1" falsecount="0"/>
        <line num="15" count="3" type="stmt"/>
        <line num="16" count="3" type="cond" truecount="3" falsecount="0"/>
        <line num="18" count="2" type="stmt"/>
        <line num="19" count="2" type="stmt"/>
        <line num="20" count="2" type="cond" truecount="1" falsecount="0"/>
        <line num="21" count="1" type="stmt"/>
        <line num="24" count="1" type="stmt"/>
      </file>
    </package>
    <package name="src.usecase.ride">
      <metrics statements="45" coveredstatements="45" conditionals="14" coveredconditionals="12" methods="8" coveredmethods="8"/>
      <file name="acceptRideUseCase.ts" path="/home/anderson/projects/estudo/clean-code-clean-arcihtecture-rodrigo-branas/cccat15/src/usecase/ride/acceptRideUseCase.ts">
        <metrics statements="16" coveredstatements="16" conditionals="7" coveredconditionals="6" methods="2" coveredmethods="2"/>
        <line num="3" count="1" type="stmt"/>
        <line num="5" count="1" type="stmt"/>
        <line num="7" count="6" type="stmt"/>
        <line num="8" count="6" type="stmt"/>
        <line num="12" count="6" type="stmt"/>
        <line num="13" count="6" type="cond" truecount="1" falsecount="0"/>
        <line num="14" count="5" type="cond" truecount="1" falsecount="0"/>
        <line num="16" count="4" type="stmt"/>
        <line num="17" count="4" type="cond" truecount="1" falsecount="0"/>
        <line num="18" count="3" type="cond" truecount="1" falsecount="0"/>
        <line num="20" count="2" type="cond" truecount="1" falsecount="1"/>
        <line num="21" count="2" type="stmt"/>
        <line num="22" count="2" type="cond" truecount="1" falsecount="0"/>
        <line num="24" count="1" type="stmt"/>
        <line num="25" count="1" type="stmt"/>
        <line num="26" count="1" type="stmt"/>
      </file>
      <file name="gerRideUseCase.ts" path="/home/anderson/projects/estudo/clean-code-clean-arcihtecture-rodrigo-branas/cccat15/src/usecase/ride/gerRideUseCase.ts">
        <metrics statements="5" coveredstatements="5" conditionals="1" coveredconditionals="1" methods="2" coveredmethods="2"/>
        <line num="3" count="1" type="stmt"/>
        <line num="4" count="2" type="stmt"/>
        <line num="7" count="2" type="stmt"/>
        <line num="8" count="2" type="cond" truecount="1" falsecount="0"/>
        <line num="9" count="1" type="stmt"/>
      </file>
      <file name="requestRideUseCase.ts" path="/home/anderson/projects/estudo/clean-code-clean-arcihtecture-rodrigo-branas/cccat15/src/usecase/ride/requestRideUseCase.ts">
        <metrics statements="15" coveredstatements="15" conditionals="3" coveredconditionals="3" methods="2" coveredmethods="2"/>
        <line num="3" count="1" type="stmt"/>
        <line num="4" count="1" type="stmt"/>
        <line num="6" count="1" type="stmt"/>
        <line num="8" count="1" type="stmt"/>
        <line num="10" count="4" type="stmt"/>
        <line num="11" count="4" type="stmt"/>
        <line num="15" count="5" type="stmt"/>
        <line num="16" count="5" type="cond" truecount="1" falsecount="0"/>
        <line num="17" count="4" type="cond" truecount="1" falsecount="0"/>
        <line num="19" count="3" type="stmt"/>
        <line num="20" count="3" type="cond" truecount="1" falsecount="0"/>
        <line num="22" count="2" type="stmt"/>
        <line num="23" count="2" type="stmt"/>
        <line num="24" count="2" type="stmt"/>
        <line num="25" count="2" type="stmt"/>
      </file>
      <file name="startRideUseCase.ts" path="/home/anderson/projects/estudo/clean-code-clean-arcihtecture-rodrigo-branas/cccat15/src/usecase/ride/startRideUseCase.ts">
        <metrics statements="9" coveredstatements="9" conditionals="3" coveredconditionals="2" methods="2" coveredmethods="2"/>
        <line num="2" count="1" type="stmt"/>
        <line num="4" count="1" type="stmt"/>
        <line num="5" count="3" type="stmt"/>
        <line num="8" count="3" type="stmt"/>
        <line num="9" count="3" type="cond" truecount="0" falsecount="1"/>
        <line num="10" count="3" type="cond" truecount="1" falsecount="0"/>
        <line num="11" count="2" type="cond" truecount="1" falsecount="0"/>
        <line num="12" count="1" type="stmt"/>
        <line num="13" count="1" type="stmt"/>
      </file>
    </package>
    <package name="src.usecase.validators">
      <metrics statements="28" coveredstatements="28" conditionals="6" coveredconditionals="6" methods="10" coveredmethods="10"/>
      <file name="validateCarPlate.ts" path="/home/anderson/projects/estudo/clean-code-clean-arcihtecture-rodrigo-branas/cccat15/src/usecase/validators/validateCarPlate.ts">
        <metrics statements="3" coveredstatements="3" conditionals="0" coveredconditionals="0" methods="1" coveredmethods="1"/>
        <line num="1" count="2" type="stmt"/>
        <line num="2" count="11" type="stmt"/>
        <line num="3" count="11" type="stmt"/>
      </file>
      <file name="validateCpf.ts" path="/home/anderson/projects/estudo/clean-code-clean-arcihtecture-rodrigo-branas/cccat15/src/usecase/validators/validateCpf.ts">
        <metrics statements="19" coveredstatements="19" conditionals="6" coveredconditionals="6" methods="7" coveredmethods="7"/>
        <line num="1" count="3" type="stmt"/>
        <line num="2" count="15" type="cond" truecount="1" falsecount="0"/>
        <line num="3" count="13" type="stmt"/>
        <line num="4" count="13" type="cond" truecount="1" falsecount="0"/>
        <line num="5" count="12" type="cond" truecount="1" falsecount="0"/>
        <line num="6" count="11" type="stmt"/>
        <line num="7" count="11" type="stmt"/>
        <line num="8" count="11" type="stmt"/>
        <line num="12" count="13" type="stmt"/>
        <line num="16" count="13" type="stmt"/>
        <line num="17" count="13" type="stmt"/>
        <line num="21" count="12" type="stmt"/>
        <line num="22" count="33" type="stmt"/>
        <line num="26" count="22" type="stmt"/>
        <line num="27" count="22" type="stmt"/>
        <line num="28" count="242" type="cond" truecount="1" falsecount="0"/>
        <line num="30" count="22" type="stmt"/>
        <line num="31" count="22" type="cond" truecount="2" falsecount="0"/>
        <line num="35" count="11" type="stmt"/>
      </file>
      <file name="validateEmail.ts" path="/home/anderson/projects/estudo/clean-code-clean-arcihtecture-rodrigo-branas/cccat15/src/usecase/validators/validateEmail.ts">
        <metrics statements="3" coveredstatements="3" conditionals="0" coveredconditionals="0" methods="1" coveredmethods="1"/>
        <line num="1" count="3" type="stmt"/>
        <line num="2" count="18" type="stmt"/>
        <line num="3" count="18" type="stmt"/>
      </file>
      <file name="validateFullName.ts" path="/home/anderson/projects/estudo/clean-code-clean-arcihtecture-rodrigo-branas/cccat15/src/usecase/validators/validateFullName.ts">
        <metrics statements="3" coveredstatements="3" conditionals="0" coveredconditionals="0" methods="1" coveredmethods="1"/>
        <line num="1" count="3" type="stmt"/>
        <line num="2" count="20" type="stmt"/>
        <line num="3" count="20" type="stmt"/>
      </file>
    </package>
    <package name="test.usecase.ride">
      <metrics statements="17" coveredstatements="17" conditionals="3" coveredconditionals="3" methods="2" coveredmethods="2"/>
      <file name="rideTestUtils.ts" path="/home/anderson/projects/estudo/clean-code-clean-arcihtecture-rodrigo-branas/cccat15/test/usecase/ride/rideTestUtils.ts">
        <metrics statements="17" coveredstatements="17" conditionals="3" coveredconditionals="3" methods="2" coveredmethods="2"/>
        <line num="2" count="2" type="stmt"/>
        <line num="3" count="2" type="stmt"/>
        <line num="4" count="2" type="stmt"/>
        <line num="5" count="2" type="stmt"/>
        <line num="7" count="2" type="stmt"/>
        <line num="10" count="2" type="stmt"/>
        <line num="18" count="9" type="stmt"/>
        <line num="19" count="9" type="stmt"/>
        <line num="20" count="9" type="stmt"/>
        <line num="21" count="9" type="cond" truecount="2" falsecount="0"/>
        <line num="22" count="9" type="stmt"/>
        <line num="23" count="9" type="stmt"/>
        <line num="24" count="9" type="stmt"/>
        <line num="32" count="14" type="stmt"/>
        <line num="33" count="14" type="stmt"/>
        <line num="34" count="14" type="stmt"/>
        <line num="35" count="14" type="stmt"/>
      </file>
    </package>
  </project>
</coverage>
