{"/home/anderson/projects/estudo/clean-code-clean-arcihtecture-rodrigo-branas/cccat15_1/src/validateCpf.ts": {"path":"/home/anderson/projects/estudo/clean-code-clean-arcihtecture-rodrigo-branas/cccat15_1/src/validateCpf.ts","statementMap":{"0":{"start":{"line":2,"column":1},"end":{"line":2,"column":27}},"1":{"start":{"line":2,"column":14},"end":{"line":2,"column":27}},"2":{"start":{"line":3,"column":13},"end":{"line":3,"column":36}},"3":{"start":{"line":4,"column":1},"end":{"line":4,"column":40}},"4":{"start":{"line":4,"column":27},"end":{"line":4,"column":40}},"5":{"start":{"line":5,"column":1},"end":{"line":5,"column":42}},"6":{"start":{"line":5,"column":29},"end":{"line":5,"column":42}},"7":{"start":{"line":6,"column":16},"end":{"line":6,"column":39}},"8":{"start":{"line":7,"column":16},"end":{"line":7,"column":39}},"9":{"start":{"line":8,"column":1},"end":{"line":8,"column":51}},"10":{"start":{"line":1,"column":0},"end":{"line":1,"column":16}},"11":{"start":{"line":12,"column":1},"end":{"line":12,"column":31}},"12":{"start":{"line":16,"column":20},"end":{"line":16,"column":22}},"13":{"start":{"line":17,"column":1},"end":{"line":17,"column":34}},"14":{"start":{"line":21,"column":25},"end":{"line":21,"column":28}},"15":{"start":{"line":22,"column":1},"end":{"line":22,"column":57}},"16":{"start":{"line":22,"column":32},"end":{"line":22,"column":55}},"17":{"start":{"line":26,"column":13},"end":{"line":26,"column":14}},"18":{"start":{"line":27,"column":1},"end":{"line":29,"column":null}},"19":{"start":{"line":28,"column":2},"end":{"line":28,"column":54}},"20":{"start":{"line":28,"column":18},"end":{"line":28,"column":54}},"21":{"start":{"line":30,"column":14},"end":{"line":30,"column":22}},"22":{"start":{"line":31,"column":1},"end":{"line":31,"column":35}},"23":{"start":{"line":35,"column":1},"end":{"line":35,"column":21}}},"fnMap":{"0":{"name":"validateCpf","decl":{"start":{"line":1,"column":16},"end":{"line":1,"column":27}},"loc":{"start":{"line":1,"column":43},"end":{"line":9,"column":1}}},"1":{"name":"removeNonDigits","decl":{"start":{"line":11,"column":9},"end":{"line":11,"column":24}},"loc":{"start":{"line":11,"column":37},"end":{"line":13,"column":1}}},"2":{"name":"isInvalidLength","decl":{"start":{"line":15,"column":9},"end":{"line":15,"column":24}},"loc":{"start":{"line":15,"column":37},"end":{"line":18,"column":1}}},"3":{"name":"hasAllDigitsEqual","decl":{"start":{"line":20,"column":9},"end":{"line":20,"column":26}},"loc":{"start":{"line":20,"column":39},"end":{"line":23,"column":1}}},"4":{"name":"(anonymous_4)","decl":{"start":{"line":22,"column":23},"end":{"line":22,"column":28}},"loc":{"start":{"line":22,"column":32},"end":{"line":22,"column":55}}},"5":{"name":"calculateDigit","decl":{"start":{"line":25,"column":9},"end":{"line":25,"column":23}},"loc":{"start":{"line":25,"column":52},"end":{"line":32,"column":1}}},"6":{"name":"extractDigit","decl":{"start":{"line":34,"column":9},"end":{"line":34,"column":21}},"loc":{"start":{"line":34,"column":34},"end":{"line":36,"column":1}}}},"branchMap":{"0":{"loc":{"start":{"line":2,"column":1},"end":{"line":2,"column":27}},"type":"if","locations":[{"start":{"line":2,"column":1},"end":{"line":2,"column":27}}]},"1":{"loc":{"start":{"line":4,"column":1},"end":{"line":4,"column":40}},"type":"if","locations":[{"start":{"line":4,"column":1},"end":{"line":4,"column":40}}]},"2":{"loc":{"start":{"line":5,"column":1},"end":{"line":5,"column":42}},"type":"if","locations":[{"start":{"line":5,"column":1},"end":{"line":5,"column":42}}]},"3":{"loc":{"start":{"line":28,"column":2},"end":{"line":28,"column":54}},"type":"if","locations":[{"start":{"line":28,"column":2},"end":{"line":28,"column":54}}]},"4":{"loc":{"start":{"line":31,"column":8},"end":{"line":31,"column":34}},"type":"cond-expr","locations":[{"start":{"line":31,"column":21},"end":{"line":31,"column":22}},{"start":{"line":31,"column":25},"end":{"line":31,"column":34}}]}},"s":{"0":7,"1":2,"2":5,"3":5,"4":1,"5":4,"6":1,"7":3,"8":3,"9":3,"10":1,"11":5,"12":5,"13":5,"14":4,"15":4,"16":17,"17":6,"18":6,"19":66,"20":57,"21":6,"22":6,"23":3},"f":{"0":7,"1":5,"2":5,"3":4,"4":17,"5":6,"6":3},"b":{"0":[2],"1":[1],"2":[1],"3":[57],"4":[3,3]}}
}
