{"/home/anderson/projects/estudo/clean-code-clean-arcihtecture-rodrigo-branas/cccat15/src/domain/accountDto.ts": {"path":"/home/anderson/projects/estudo/clean-code-clean-arcihtecture-rodrigo-branas/cccat15/src/domain/accountDto.ts","statementMap":{"0":{"start":{"line":3,"column":16},"end":{"line":3,"column":40}},"1":{"start":{"line":4,"column":16},"end":{"line":4,"column":28}},"2":{"start":{"line":5,"column":16},"end":{"line":5,"column":29}},"3":{"start":{"line":6,"column":16},"end":{"line":6,"column":27}},"4":{"start":{"line":7,"column":16},"end":{"line":7,"column":32}},"5":{"start":{"line":8,"column":16},"end":{"line":8,"column":32}},"6":{"start":{"line":9,"column":16},"end":{"line":9,"column":36}},"7":{"start":{"line":10,"column":16},"end":{"line":10,"column":33}},"8":{"start":{"line":14,"column":8},"end":{"line":14,"column":30}},"9":{"start":{"line":17,"column":8},"end":{"line":17,"column":25}},"10":{"start":{"line":20,"column":8},"end":{"line":20,"column":26}},"11":{"start":{"line":23,"column":8},"end":{"line":23,"column":24}},"12":{"start":{"line":26,"column":8},"end":{"line":26,"column":29}},"13":{"start":{"line":29,"column":8},"end":{"line":29,"column":29}},"14":{"start":{"line":32,"column":8},"end":{"line":32,"column":32}},"15":{"start":{"line":35,"column":8},"end":{"line":35,"column":29}},"16":{"start":{"line":1,"column":0},"end":{"line":1,"column":21}}},"fnMap":{"0":{"name":"(anonymous_0)","decl":{"start":{"line":2,"column":4},"end":{"line":2,"column":null}},"loc":{"start":{"line":10,"column":33},"end":{"line":11,"column":7}}},"1":{"name":"(anonymous_1)","decl":{"start":{"line":13,"column":11},"end":{"line":13,"column":23}},"loc":{"start":{"line":13,"column":23},"end":{"line":15,"column":5}}},"2":{"name":"(anonymous_2)","decl":{"start":{"line":16,"column":11},"end":{"line":16,"column":18}},"loc":{"start":{"line":16,"column":18},"end":{"line":18,"column":5}}},"3":{"name":"(anonymous_3)","decl":{"start":{"line":19,"column":11},"end":{"line":19,"column":19}},"loc":{"start":{"line":19,"column":19},"end":{"line":21,"column":5}}},"4":{"name":"(anonymous_4)","decl":{"start":{"line":22,"column":11},"end":{"line":22,"column":17}},"loc":{"start":{"line":22,"column":17},"end":{"line":24,"column":5}}},"5":{"name":"(anonymous_5)","decl":{"start":{"line":25,"column":11},"end":{"line":25,"column":22}},"loc":{"start":{"line":25,"column":22},"end":{"line":27,"column":5}}},"6":{"name":"(anonymous_6)","decl":{"start":{"line":28,"column":11},"end":{"line":28,"column":22}},"loc":{"start":{"line":28,"column":22},"end":{"line":30,"column":5}}},"7":{"name":"(anonymous_7)","decl":{"start":{"line":31,"column":11},"end":{"line":31,"column":25}},"loc":{"start":{"line":31,"column":25},"end":{"line":33,"column":5}}},"8":{"name":"(anonymous_8)","decl":{"start":{"line":34,"column":11},"end":{"line":34,"column":22}},"loc":{"start":{"line":34,"column":22},"end":{"line":36,"column":5}}}},"branchMap":{},"s":{"0":21,"1":21,"2":21,"3":21,"4":21,"5":21,"6":21,"7":21,"8":26,"9":27,"10":38,"11":19,"12":7,"13":7,"14":7,"15":7,"16":6},"f":{"0":21,"1":26,"2":27,"3":38,"4":19,"5":7,"6":7,"7":7,"8":7},"b":{}}
,"/home/anderson/projects/estudo/clean-code-clean-arcihtecture-rodrigo-branas/cccat15/src/infra/database.ts": {"path":"/home/anderson/projects/estudo/clean-code-clean-arcihtecture-rodrigo-branas/cccat15/src/infra/database.ts","statementMap":{"0":{"start":{"line":1,"column":0},"end":{"line":1,"column":35}},"1":{"start":{"line":4,"column":24},"end":{"line":10,"column":null}},"2":{"start":{"line":12,"column":19},"end":{"line":12,"column":30}},"3":{"start":{"line":13,"column":27},"end":{"line":13,"column":42}},"4":{"start":{"line":16,"column":4},"end":{"line":16,"column":6}}},"fnMap":{},"branchMap":{},"s":{"0":1,"1":1,"2":1,"3":1,"4":1},"f":{},"b":{}}
,"/home/anderson/projects/estudo/clean-code-clean-arcihtecture-rodrigo-branas/cccat15/src/repository/account/accountRepositoryDatabase.ts": {"path":"/home/anderson/projects/estudo/clean-code-clean-arcihtecture-rodrigo-branas/cccat15/src/repository/account/accountRepositoryDatabase.ts","statementMap":{"0":{"start":{"line":1,"column":0},"end":{"line":1,"column":49}},"1":{"start":{"line":3,"column":0},"end":{"line":3,"column":42}},"2":{"start":{"line":6,"column":12},"end":{"line":6,"column":40}},"3":{"start":{"line":9,"column":8},"end":{"line":9,"column":null}},"4":{"start":{"line":13,"column":30},"end":{"line":13,"column":114}},"5":{"start":{"line":14,"column":8},"end":{"line":17,"column":null}},"6":{"start":{"line":15,"column":30},"end":{"line":15,"column":46}},"7":{"start":{"line":16,"column":12},"end":{"line":16,"column":178}},"8":{"start":{"line":18,"column":8},"end":{"line":18,"column":25}},"9":{"start":{"line":22,"column":30},"end":{"line":22,"column":105}},"10":{"start":{"line":23,"column":8},"end":{"line":26,"column":null}},"11":{"start":{"line":24,"column":30},"end":{"line":24,"column":46}},"12":{"start":{"line":25,"column":12},"end":{"line":25,"column":178}},"13":{"start":{"line":27,"column":8},"end":{"line":27,"column":25}},"14":{"start":{"line":31,"column":30},"end":{"line":31,"column":89}},"15":{"start":{"line":32,"column":43},"end":{"line":32,"column":45}},"16":{"start":{"line":33,"column":8},"end":{"line":33,"column":226}},"17":{"start":{"line":33,"column":45},"end":{"line":33,"column":224}},"18":{"start":{"line":34,"column":8},"end":{"line":34,"column":30}},"19":{"start":{"line":38,"column":8},"end":{"line":38,"column":86}},"20":{"start":{"line":42,"column":8},"end":{"line":42,"column":null}},"21":{"start":{"line":5,"column":0},"end":{"line":5,"column":21}}},"fnMap":{"0":{"name":"(anonymous_8)","decl":{"start":{"line":5,"column":0},"end":{"line":5,"column":21}},"loc":{"start":{"line":5,"column":0},"end":{"line":44,"column":1}}},"1":{"name":"(anonymous_9)","decl":{"start":{"line":8,"column":17},"end":{"line":8,"column":27}},"loc":{"start":{"line":8,"column":50},"end":{"line":10,"column":null}}},"2":{"name":"(anonymous_11)","decl":{"start":{"line":12,"column":17},"end":{"line":12,"column":28}},"loc":{"start":{"line":12,"column":46},"end":{"line":19,"column":null}}},"3":{"name":"(anonymous_13)","decl":{"start":{"line":21,"column":17},"end":{"line":21,"column":35}},"loc":{"start":{"line":21,"column":49},"end":{"line":28,"column":null}}},"4":{"name":"(anonymous_15)","decl":{"start":{"line":30,"column":17},"end":{"line":30,"column":29}},"loc":{"start":{"line":30,"column":29},"end":{"line":35,"column":null}}},"5":{"name":"(anonymous_17)","decl":{"start":{"line":33,"column":30},"end":{"line":33,"column":31}},"loc":{"start":{"line":33,"column":45},"end":{"line":33,"column":224}}},"6":{"name":"(anonymous_18)","decl":{"start":{"line":37,"column":17},"end":{"line":37,"column":30}},"loc":{"start":{"line":37,"column":48},"end":{"line":39,"column":null}}},"7":{"name":"(anonymous_20)","decl":{"start":{"line":41,"column":17},"end":{"line":41,"column":30}},"loc":{"start":{"line":41,"column":53},"end":{"line":43,"column":null}}}},"branchMap":{"0":{"loc":{"start":{"line":14,"column":8},"end":{"line":17,"column":null}},"type":"if","locations":[{"start":{"line":14,"column":8},"end":{"line":17,"column":null}}]},"1":{"loc":{"start":{"line":23,"column":8},"end":{"line":26,"column":null}},"type":"if","locations":[{"start":{"line":23,"column":8},"end":{"line":26,"column":null}}]}},"s":{"0":1,"1":1,"2":1,"3":0,"4":2,"5":2,"6":1,"7":1,"8":1,"9":0,"10":0,"11":0,"12":0,"13":0,"14":0,"15":0,"16":0,"17":0,"18":0,"19":0,"20":0,"21":1},"f":{"0":1,"1":0,"2":2,"3":0,"4":0,"5":0,"6":0,"7":0},"b":{"0":[1],"1":[0]}}
,"/home/anderson/projects/estudo/clean-code-clean-arcihtecture-rodrigo-branas/cccat15/src/repository/account/accountRepositoryInMemory.ts": {"path":"/home/anderson/projects/estudo/clean-code-clean-arcihtecture-rodrigo-branas/cccat15/src/repository/account/accountRepositoryInMemory.ts","statementMap":{"0":{"start":{"line":5,"column":12},"end":{"line":5,"column":40}},"1":{"start":{"line":8,"column":8},"end":{"line":8,"column":39}},"2":{"start":{"line":12,"column":8},"end":{"line":12,"column":71}},"3":{"start":{"line":12,"column":39},"end":{"line":12,"column":69}},"4":{"start":{"line":16,"column":8},"end":{"line":16,"column":63}},"5":{"start":{"line":16,"column":39},"end":{"line":16,"column":61}},"6":{"start":{"line":20,"column":8},"end":{"line":20,"column":29}},"7":{"start":{"line":24,"column":30},"end":{"line":26,"column":10}},"8":{"start":{"line":25,"column":12},"end":{"line":25,"column":50}},"9":{"start":{"line":27,"column":8},"end":{"line":29,"column":null}},"10":{"start":{"line":28,"column":12},"end":{"line":28,"column":51}},"11":{"start":{"line":33,"column":30},"end":{"line":35,"column":10}},"12":{"start":{"line":34,"column":12},"end":{"line":34,"column":66}},"13":{"start":{"line":36,"column":8},"end":{"line":38,"column":null}},"14":{"start":{"line":37,"column":12},"end":{"line":37,"column":54}},"15":{"start":{"line":4,"column":0},"end":{"line":4,"column":21}}},"fnMap":{"0":{"name":"(anonymous_0)","decl":{"start":{"line":4,"column":0},"end":{"line":4,"column":21}},"loc":{"start":{"line":4,"column":0},"end":{"line":40,"column":1}}},"1":{"name":"(anonymous_1)","decl":{"start":{"line":7,"column":11},"end":{"line":7,"column":21}},"loc":{"start":{"line":7,"column":44},"end":{"line":9,"column":5}}},"2":{"name":"(anonymous_2)","decl":{"start":{"line":11,"column":11},"end":{"line":11,"column":22}},"loc":{"start":{"line":11,"column":40},"end":{"line":13,"column":5}}},"3":{"name":"(anonymous_3)","decl":{"start":{"line":12,"column":34},"end":{"line":12,"column":35}},"loc":{"start":{"line":12,"column":39},"end":{"line":12,"column":69}}},"4":{"name":"(anonymous_4)","decl":{"start":{"line":15,"column":4},"end":{"line":15,"column":22}},"loc":{"start":{"line":15,"column":36},"end":{"line":17,"column":5}}},"5":{"name":"(anonymous_5)","decl":{"start":{"line":16,"column":34},"end":{"line":16,"column":35}},"loc":{"start":{"line":16,"column":39},"end":{"line":16,"column":61}}},"6":{"name":"(anonymous_6)","decl":{"start":{"line":19,"column":11},"end":{"line":19,"column":23}},"loc":{"start":{"line":19,"column":23},"end":{"line":21,"column":5}}},"7":{"name":"(anonymous_7)","decl":{"start":{"line":23,"column":11},"end":{"line":23,"column":24}},"loc":{"start":{"line":23,"column":42},"end":{"line":30,"column":5}}},"8":{"name":"(anonymous_8)","decl":{"start":{"line":24,"column":54},"end":{"line":24,"column":55}},"loc":{"start":{"line":24,"column":60},"end":{"line":26,"column":9}}},"9":{"name":"(anonymous_9)","decl":{"start":{"line":32,"column":11},"end":{"line":32,"column":24}},"loc":{"start":{"line":32,"column":47},"end":{"line":39,"column":5}}},"10":{"name":"(anonymous_10)","decl":{"start":{"line":33,"column":54},"end":{"line":33,"column":55}},"loc":{"start":{"line":33,"column":60},"end":{"line":35,"column":9}}}},"branchMap":{"0":{"loc":{"start":{"line":27,"column":8},"end":{"line":29,"column":null}},"type":"if","locations":[{"start":{"line":27,"column":8},"end":{"line":29,"column":null}}]},"1":{"loc":{"start":{"line":36,"column":8},"end":{"line":38,"column":null}},"type":"if","locations":[{"start":{"line":36,"column":8},"end":{"line":38,"column":null}}]}},"s":{"0":16,"1":10,"2":11,"3":8,"4":8,"5":7,"6":1,"7":1,"8":1,"9":1,"10":1,"11":1,"12":1,"13":1,"14":1,"15":5},"f":{"0":16,"1":10,"2":11,"3":8,"4":8,"5":7,"6":1,"7":1,"8":1,"9":1,"10":1},"b":{"0":[1],"1":[1]}}
,"/home/anderson/projects/estudo/clean-code-clean-arcihtecture-rodrigo-branas/cccat15/src/usecase/account/deleteAccountUseCase.ts": {"path":"/home/anderson/projects/estudo/clean-code-clean-arcihtecture-rodrigo-branas/cccat15/src/usecase/account/deleteAccountUseCase.ts","statementMap":{"0":{"start":{"line":4,"column":31},"end":{"line":4,"column":76}},"1":{"start":{"line":7,"column":24},"end":{"line":7,"column":75}},"2":{"start":{"line":8,"column":8},"end":{"line":10,"column":null}},"3":{"start":{"line":9,"column":12},"end":{"line":9,"column":46}},"4":{"start":{"line":11,"column":8},"end":{"line":11,"column":62}},"5":{"start":{"line":3,"column":0},"end":{"line":3,"column":21}}},"fnMap":{"0":{"name":"(anonymous_7)","decl":{"start":{"line":4,"column":4},"end":{"line":4,"column":31}},"loc":{"start":{"line":4,"column":76},"end":{"line":4,"column":80}}},"1":{"name":"(anonymous_8)","decl":{"start":{"line":6,"column":17},"end":{"line":6,"column":24}},"loc":{"start":{"line":6,"column":42},"end":{"line":12,"column":null}}}},"branchMap":{"0":{"loc":{"start":{"line":8,"column":8},"end":{"line":10,"column":null}},"type":"if","locations":[{"start":{"line":8,"column":8},"end":{"line":10,"column":null}}]}},"s":{"0":2,"1":3,"2":3,"3":2,"4":1,"5":1},"f":{"0":2,"1":3},"b":{"0":[2]}}
,"/home/anderson/projects/estudo/clean-code-clean-arcihtecture-rodrigo-branas/cccat15/src/usecase/account/getAccountUseCase.ts": {"path":"/home/anderson/projects/estudo/clean-code-clean-arcihtecture-rodrigo-branas/cccat15/src/usecase/account/getAccountUseCase.ts","statementMap":{"0":{"start":{"line":5,"column":31},"end":{"line":5,"column":76}},"1":{"start":{"line":8,"column":35},"end":{"line":8,"column":112}},"2":{"start":{"line":9,"column":5},"end":{"line":11,"column":null}},"3":{"start":{"line":10,"column":12},"end":{"line":10,"column":29}},"4":{"start":{"line":12,"column":8},"end":{"line":12,"column":61}},"5":{"start":{"line":4,"column":0},"end":{"line":4,"column":21}}},"fnMap":{"0":{"name":"(anonymous_0)","decl":{"start":{"line":5,"column":4},"end":{"line":5,"column":31}},"loc":{"start":{"line":5,"column":76},"end":{"line":5,"column":80}}},"1":{"name":"(anonymous_1)","decl":{"start":{"line":7,"column":11},"end":{"line":7,"column":18}},"loc":{"start":{"line":7,"column":36},"end":{"line":13,"column":5}}}},"branchMap":{"0":{"loc":{"start":{"line":9,"column":5},"end":{"line":11,"column":null}},"type":"if","locations":[{"start":{"line":9,"column":5},"end":{"line":11,"column":null}}]}},"s":{"0":2,"1":1,"2":1,"3":0,"4":1,"5":1},"f":{"0":2,"1":1},"b":{"0":[0]}}
,"/home/anderson/projects/estudo/clean-code-clean-arcihtecture-rodrigo-branas/cccat15/src/usecase/account/listAccountsUseCase.ts": {"path":"/home/anderson/projects/estudo/clean-code-clean-arcihtecture-rodrigo-branas/cccat15/src/usecase/account/listAccountsUseCase.ts","statementMap":{"0":{"start":{"line":4,"column":31},"end":{"line":4,"column":76}},"1":{"start":{"line":7,"column":8},"end":{"line":7,"column":53}},"2":{"start":{"line":3,"column":0},"end":{"line":3,"column":21}}},"fnMap":{"0":{"name":"(anonymous_0)","decl":{"start":{"line":4,"column":4},"end":{"line":4,"column":31}},"loc":{"start":{"line":4,"column":76},"end":{"line":4,"column":80}}},"1":{"name":"(anonymous_1)","decl":{"start":{"line":6,"column":11},"end":{"line":6,"column":18}},"loc":{"start":{"line":6,"column":18},"end":{"line":8,"column":5}}}},"branchMap":{},"s":{"0":1,"1":1,"2":1},"f":{"0":1,"1":1},"b":{}}
,"/home/anderson/projects/estudo/clean-code-clean-arcihtecture-rodrigo-branas/cccat15/src/usecase/account/signupUseCase.ts": {"path":"/home/anderson/projects/estudo/clean-code-clean-arcihtecture-rodrigo-branas/cccat15/src/usecase/account/signupUseCase.ts","statementMap":{"0":{"start":{"line":1,"column":0},"end":{"line":1,"column":28}},"1":{"start":{"line":3,"column":0},"end":{"line":3,"column":49}},"2":{"start":{"line":4,"column":0},"end":{"line":4,"column":66}},"3":{"start":{"line":5,"column":0},"end":{"line":5,"column":60}},"4":{"start":{"line":6,"column":0},"end":{"line":6,"column":56}},"5":{"start":{"line":9,"column":31},"end":{"line":9,"column":76}},"6":{"start":{"line":14,"column":8},"end":{"line":14,"column":89}},"7":{"start":{"line":14,"column":53},"end":{"line":14,"column":89}},"8":{"start":{"line":15,"column":8},"end":{"line":15,"column":88}},"9":{"start":{"line":15,"column":51},"end":{"line":15,"column":88}},"10":{"start":{"line":16,"column":8},"end":{"line":16,"column":82}},"11":{"start":{"line":16,"column":47},"end":{"line":16,"column":82}},"12":{"start":{"line":17,"column":31},"end":{"line":17,"column":101}},"13":{"start":{"line":18,"column":8},"end":{"line":18,"column":77}},"14":{"start":{"line":18,"column":28},"end":{"line":18,"column":77}},"15":{"start":{"line":20,"column":19},"end":{"line":20,"column":38}},"16":{"start":{"line":21,"column":35},"end":{"line":29,"column":null}},"17":{"start":{"line":31,"column":8},"end":{"line":31,"column":62}},"18":{"start":{"line":32,"column":8},"end":{"line":32,"column":18}},"19":{"start":{"line":8,"column":0},"end":{"line":8,"column":21}}},"fnMap":{"0":{"name":"(anonymous_8)","decl":{"start":{"line":9,"column":4},"end":{"line":9,"column":31}},"loc":{"start":{"line":9,"column":76},"end":{"line":11,"column":5}}},"1":{"name":"(anonymous_9)","decl":{"start":{"line":13,"column":17},"end":{"line":13,"column":24}},"loc":{"start":{"line":13,"column":47},"end":{"line":33,"column":null}}}},"branchMap":{"0":{"loc":{"start":{"line":14,"column":8},"end":{"line":14,"column":89}},"type":"if","locations":[{"start":{"line":14,"column":8},"end":{"line":14,"column":89}}]},"1":{"loc":{"start":{"line":15,"column":8},"end":{"line":15,"column":88}},"type":"if","locations":[{"start":{"line":15,"column":8},"end":{"line":15,"column":88}}]},"2":{"loc":{"start":{"line":16,"column":8},"end":{"line":16,"column":82}},"type":"if","locations":[{"start":{"line":16,"column":8},"end":{"line":16,"column":82}}]},"3":{"loc":{"start":{"line":18,"column":8},"end":{"line":18,"column":77}},"type":"if","locations":[{"start":{"line":18,"column":8},"end":{"line":18,"column":77}}]}},"s":{"0":1,"1":1,"2":1,"3":1,"4":1,"5":5,"6":9,"7":2,"8":7,"9":2,"10":5,"11":2,"12":3,"13":3,"14":2,"15":1,"16":1,"17":1,"18":1,"19":1},"f":{"0":5,"1":9},"b":{"0":[2],"1":[2],"2":[2],"3":[2]}}
,"/home/anderson/projects/estudo/clean-code-clean-arcihtecture-rodrigo-branas/cccat15/src/usecase/account/updateAccountUseCase.ts": {"path":"/home/anderson/projects/estudo/clean-code-clean-arcihtecture-rodrigo-branas/cccat15/src/usecase/account/updateAccountUseCase.ts","statementMap":{"0":{"start":{"line":3,"column":0},"end":{"line":3,"column":56}},"1":{"start":{"line":4,"column":0},"end":{"line":4,"column":60}},"2":{"start":{"line":5,"column":0},"end":{"line":5,"column":66}},"3":{"start":{"line":8,"column":31},"end":{"line":8,"column":76}},"4":{"start":{"line":11,"column":8},"end":{"line":11,"column":94}},"5":{"start":{"line":11,"column":58},"end":{"line":11,"column":94}},"6":{"start":{"line":12,"column":8},"end":{"line":12,"column":93}},"7":{"start":{"line":12,"column":56},"end":{"line":12,"column":93}},"8":{"start":{"line":13,"column":8},"end":{"line":13,"column":87}},"9":{"start":{"line":13,"column":52},"end":{"line":13,"column":87}},"10":{"start":{"line":15,"column":31},"end":{"line":15,"column":106}},"11":{"start":{"line":16,"column":8},"end":{"line":16,"column":145}},"12":{"start":{"line":16,"column":96},"end":{"line":16,"column":145}},"13":{"start":{"line":18,"column":26},"end":{"line":18,"column":112}},"14":{"start":{"line":19,"column":42},"end":{"line":19,"column":92}},"15":{"start":{"line":21,"column":24},"end":{"line":21,"column":83}},"16":{"start":{"line":22,"column":8},"end":{"line":24,"column":null}},"17":{"start":{"line":23,"column":12},"end":{"line":23,"column":69}},"18":{"start":{"line":26,"column":8},"end":{"line":26,"column":62}},"19":{"start":{"line":7,"column":0},"end":{"line":7,"column":21}}},"fnMap":{"0":{"name":"(anonymous_7)","decl":{"start":{"line":8,"column":4},"end":{"line":8,"column":31}},"loc":{"start":{"line":8,"column":76},"end":{"line":8,"column":80}}},"1":{"name":"(anonymous_8)","decl":{"start":{"line":10,"column":17},"end":{"line":10,"column":24}},"loc":{"start":{"line":10,"column":52},"end":{"line":27,"column":null}}}},"branchMap":{"0":{"loc":{"start":{"line":11,"column":8},"end":{"line":11,"column":94}},"type":"if","locations":[{"start":{"line":11,"column":8},"end":{"line":11,"column":94}}]},"1":{"loc":{"start":{"line":12,"column":8},"end":{"line":12,"column":93}},"type":"if","locations":[{"start":{"line":12,"column":8},"end":{"line":12,"column":93}}]},"2":{"loc":{"start":{"line":13,"column":8},"end":{"line":13,"column":87}},"type":"if","locations":[{"start":{"line":13,"column":8},"end":{"line":13,"column":87}}]},"3":{"loc":{"start":{"line":16,"column":8},"end":{"line":16,"column":145}},"type":"if","locations":[{"start":{"line":16,"column":8},"end":{"line":16,"column":145}}]},"4":{"loc":{"start":{"line":16,"column":12},"end":{"line":16,"column":94}},"type":"binary-expr","locations":[{"start":{"line":16,"column":12},"end":{"line":16,"column":26}},{"start":{"line":16,"column":30},"end":{"line":16,"column":94}}]},"5":{"loc":{"start":{"line":18,"column":26},"end":{"line":18,"column":112}},"type":"cond-expr","locations":[{"start":{"line":18,"column":77},"end":{"line":18,"column":107}},{"start":{"line":18,"column":110},"end":{"line":18,"column":112}}]},"6":{"loc":{"start":{"line":19,"column":42},"end":{"line":19,"column":92}},"type":"cond-expr","locations":[{"start":{"line":19,"column":67},"end":{"line":19,"column":87}},{"start":{"line":19,"column":90},"end":{"line":19,"column":92}}]},"7":{"loc":{"start":{"line":19,"column":42},"end":{"line":19,"column":63}},"type":"cond-expr","locations":[{"start":{"line":19,"column":51},"end":{"line":19,"column":53}},{"start":{"line":19,"column":42},"end":{"line":19,"column":63}}]},"8":{"loc":{"start":{"line":19,"column":42},"end":{"line":19,"column":53}},"type":"binary-expr","locations":[{"start":{"line":19,"column":42},"end":{"line":19,"column":53}},{"start":{"line":19,"column":42},"end":{"line":19,"column":53}}]},"9":{"loc":{"start":{"line":22,"column":8},"end":{"line":24,"column":null}},"type":"if","locations":[{"start":{"line":22,"column":8},"end":{"line":24,"column":null}}]}},"s":{"0":1,"1":1,"2":1,"3":6,"4":11,"5":2,"6":9,"7":2,"8":7,"9":2,"10":5,"11":5,"12":2,"13":3,"14":3,"15":3,"16":3,"17":2,"18":1,"19":1},"f":{"0":6,"1":11},"b":{"0":[2],"1":[2],"2":[2],"3":[2],"4":[5,2],"5":[3,0],"6":[3,0],"7":[0,3],"8":[3,3],"9":[2]}}
,"/home/anderson/projects/estudo/clean-code-clean-arcihtecture-rodrigo-branas/cccat15/src/usecase/validators/validateCpf.ts": {"path":"/home/anderson/projects/estudo/clean-code-clean-arcihtecture-rodrigo-branas/cccat15/src/usecase/validators/validateCpf.ts","statementMap":{"0":{"start":{"line":2,"column":1},"end":{"line":2,"column":27}},"1":{"start":{"line":2,"column":14},"end":{"line":2,"column":27}},"2":{"start":{"line":3,"column":13},"end":{"line":3,"column":36}},"3":{"start":{"line":4,"column":1},"end":{"line":4,"column":40}},"4":{"start":{"line":4,"column":27},"end":{"line":4,"column":40}},"5":{"start":{"line":5,"column":1},"end":{"line":5,"column":42}},"6":{"start":{"line":5,"column":29},"end":{"line":5,"column":42}},"7":{"start":{"line":6,"column":16},"end":{"line":6,"column":39}},"8":{"start":{"line":7,"column":16},"end":{"line":7,"column":39}},"9":{"start":{"line":8,"column":1},"end":{"line":8,"column":51}},"10":{"start":{"line":1,"column":0},"end":{"line":1,"column":16}},"11":{"start":{"line":12,"column":1},"end":{"line":12,"column":31}},"12":{"start":{"line":16,"column":20},"end":{"line":16,"column":22}},"13":{"start":{"line":17,"column":1},"end":{"line":17,"column":34}},"14":{"start":{"line":21,"column":25},"end":{"line":21,"column":28}},"15":{"start":{"line":22,"column":1},"end":{"line":22,"column":57}},"16":{"start":{"line":22,"column":32},"end":{"line":22,"column":55}},"17":{"start":{"line":26,"column":13},"end":{"line":26,"column":14}},"18":{"start":{"line":27,"column":1},"end":{"line":29,"column":null}},"19":{"start":{"line":28,"column":2},"end":{"line":28,"column":54}},"20":{"start":{"line":28,"column":18},"end":{"line":28,"column":54}},"21":{"start":{"line":30,"column":14},"end":{"line":30,"column":22}},"22":{"start":{"line":31,"column":1},"end":{"line":31,"column":35}},"23":{"start":{"line":35,"column":1},"end":{"line":35,"column":21}}},"fnMap":{"0":{"name":"validateCpf","decl":{"start":{"line":1,"column":16},"end":{"line":1,"column":27}},"loc":{"start":{"line":1,"column":43},"end":{"line":9,"column":1}}},"1":{"name":"removeNonDigits","decl":{"start":{"line":11,"column":9},"end":{"line":11,"column":24}},"loc":{"start":{"line":11,"column":37},"end":{"line":13,"column":1}}},"2":{"name":"isInvalidLength","decl":{"start":{"line":15,"column":9},"end":{"line":15,"column":24}},"loc":{"start":{"line":15,"column":37},"end":{"line":18,"column":1}}},"3":{"name":"hasAllDigitsEqual","decl":{"start":{"line":20,"column":9},"end":{"line":20,"column":26}},"loc":{"start":{"line":20,"column":39},"end":{"line":23,"column":1}}},"4":{"name":"(anonymous_4)","decl":{"start":{"line":22,"column":23},"end":{"line":22,"column":28}},"loc":{"start":{"line":22,"column":32},"end":{"line":22,"column":55}}},"5":{"name":"calculateDigit","decl":{"start":{"line":25,"column":9},"end":{"line":25,"column":23}},"loc":{"start":{"line":25,"column":52},"end":{"line":32,"column":1}}},"6":{"name":"extractDigit","decl":{"start":{"line":34,"column":9},"end":{"line":34,"column":21}},"loc":{"start":{"line":34,"column":34},"end":{"line":36,"column":1}}}},"branchMap":{"0":{"loc":{"start":{"line":2,"column":1},"end":{"line":2,"column":27}},"type":"if","locations":[{"start":{"line":2,"column":1},"end":{"line":2,"column":27}}]},"1":{"loc":{"start":{"line":4,"column":1},"end":{"line":4,"column":40}},"type":"if","locations":[{"start":{"line":4,"column":1},"end":{"line":4,"column":40}}]},"2":{"loc":{"start":{"line":5,"column":1},"end":{"line":5,"column":42}},"type":"if","locations":[{"start":{"line":5,"column":1},"end":{"line":5,"column":42}}]},"3":{"loc":{"start":{"line":28,"column":2},"end":{"line":28,"column":54}},"type":"if","locations":[{"start":{"line":28,"column":2},"end":{"line":28,"column":54}}]},"4":{"loc":{"start":{"line":31,"column":8},"end":{"line":31,"column":34}},"type":"cond-expr","locations":[{"start":{"line":31,"column":21},"end":{"line":31,"column":22}},{"start":{"line":31,"column":25},"end":{"line":31,"column":34}}]}},"s":{"0":19,"1":2,"2":17,"3":17,"4":1,"5":16,"6":1,"7":15,"8":15,"9":15,"10":3,"11":17,"12":17,"13":17,"14":16,"15":16,"16":41,"17":30,"18":30,"19":330,"20":285,"21":30,"22":30,"23":15},"f":{"0":19,"1":17,"2":17,"3":16,"4":41,"5":30,"6":15},"b":{"0":[2],"1":[1],"2":[1],"3":[285],"4":[9,21]}}
,"/home/anderson/projects/estudo/clean-code-clean-arcihtecture-rodrigo-branas/cccat15/src/usecase/validators/validateEmail.ts": {"path":"/home/anderson/projects/estudo/clean-code-clean-arcihtecture-rodrigo-branas/cccat15/src/usecase/validators/validateEmail.ts","statementMap":{"0":{"start":{"line":2,"column":28},"end":{"line":2,"column":70}},"1":{"start":{"line":3,"column":1},"end":{"line":3,"column":31}},"2":{"start":{"line":1,"column":0},"end":{"line":1,"column":16}}},"fnMap":{"0":{"name":"validateEmail","decl":{"start":{"line":1,"column":16},"end":{"line":1,"column":29}},"loc":{"start":{"line":1,"column":44},"end":{"line":4,"column":1}}}},"branchMap":{},"s":{"0":24,"1":24,"2":3},"f":{"0":24},"b":{}}
,"/home/anderson/projects/estudo/clean-code-clean-arcihtecture-rodrigo-branas/cccat15/src/usecase/validators/validateFullName.ts": {"path":"/home/anderson/projects/estudo/clean-code-clean-arcihtecture-rodrigo-branas/cccat15/src/usecase/validators/validateFullName.ts","statementMap":{"0":{"start":{"line":2,"column":28},"end":{"line":2,"column":70}},"1":{"start":{"line":3,"column":1},"end":{"line":3,"column":34}},"2":{"start":{"line":1,"column":0},"end":{"line":1,"column":16}}},"fnMap":{"0":{"name":"validateFullName","decl":{"start":{"line":1,"column":16},"end":{"line":1,"column":32}},"loc":{"start":{"line":1,"column":50},"end":{"line":4,"column":1}}}},"branchMap":{},"s":{"0":28,"1":28,"2":3},"f":{"0":28},"b":{}}
}
