TN:
SF:src/domain/accountDto.ts
FN:2,(anonymous_0)
FN:14,(anonymous_1)
FN:18,(anonymous_2)
FN:22,(anonymous_3)
FN:26,(anonymous_4)
FN:30,(anonymous_5)
FN:34,(anonymous_6)
FN:38,(anonymous_7)
FN:42,(anonymous_8)
FNF:9
FNH:9
FNDA:38,(anonymous_0)
FNDA:44,(anonymous_1)
FNDA:19,(anonymous_2)
FNDA:26,(anonymous_3)
FNDA:15,(anonymous_4)
FNDA:10,(anonymous_5)
FNDA:7,(anonymous_6)
FNDA:11,(anonymous_7)
FNDA:10,(anonymous_8)
DA:1,9
DA:3,38
DA:4,38
DA:5,38
DA:6,38
DA:7,38
DA:8,38
DA:9,38
DA:10,38
DA:15,44
DA:19,19
DA:23,26
DA:27,15
DA:31,10
DA:35,7
DA:39,11
DA:43,10
LF:17
LH:17
BRF:0
BRH:0
end_of_record
TN:
SF:src/domain/coordinateDto.ts
FN:2,(anonymous_0)
FN:7,(anonymous_1)
FN:11,(anonymous_2)
FNF:3
FNH:1
FNDA:28,(anonymous_0)
FNDA:0,(anonymous_1)
FNDA:0,(anonymous_2)
DA:1,4
DA:3,28
DA:4,28
DA:8,0
DA:12,0
LF:5
LH:3
BRF:0
BRH:0
end_of_record
TN:
SF:src/domain/rideDto.ts
FN:5,(anonymous_0)
FN:17,(anonymous_1)
FN:21,(anonymous_2)
FN:25,(anonymous_3)
FN:29,(anonymous_4)
FN:33,(anonymous_5)
FN:36,(anonymous_6)
FN:40,(anonymous_7)
FN:44,(anonymous_8)
FN:48,(anonymous_9)
FN:52,(anonymous_10)
FN:56,(anonymous_11)
FNF:12
FNH:7
FNDA:12,(anonymous_0)
FNDA:16,(anonymous_1)
FNDA:1,(anonymous_2)
FNDA:7,(anonymous_3)
FNDA:1,(anonymous_4)
FNDA:13,(anonymous_5)
FNDA:2,(anonymous_6)
FNDA:0,(anonymous_7)
FNDA:0,(anonymous_8)
FNDA:0,(anonymous_9)
FNDA:0,(anonymous_10)
FNDA:0,(anonymous_11)
DA:4,4
DA:6,12
DA:7,12
DA:8,12
DA:9,12
DA:10,12
DA:11,12
DA:12,12
DA:13,12
DA:14,12
DA:18,16
DA:22,1
DA:26,7
DA:30,1
DA:34,13
DA:37,2
DA:41,0
DA:45,0
DA:49,0
DA:53,0
DA:57,0
LF:21
LH:16
BRF:0
BRH:0
end_of_record
TN:
SF:src/domain/rideDtoRequest.ts
FN:4,(anonymous_0)
FN:10,(anonymous_1)
FN:14,(anonymous_2)
FN:18,(anonymous_3)
FNF:4
FNH:4
FNDA:4,(anonymous_0)
FNDA:8,(anonymous_1)
FNDA:2,(anonymous_2)
FNDA:2,(anonymous_3)
DA:3,1
DA:5,4
DA:6,4
DA:7,4
DA:11,8
DA:15,2
DA:19,2
LF:7
LH:7
BRF:0
BRH:0
end_of_record
TN:
SF:src/domain/rideValues.ts
FNF:0
FNH:0
DA:1,4
DA:2,4
DA:3,4
DA:4,4
DA:5,4
DA:6,4
LF:6
LH:6
BRF:0
BRH:0
end_of_record
TN:
SF:src/repository/account/accountRepositoryInMemory.ts
FN:4,(anonymous_7)
FN:7,(anonymous_8)
FN:11,(anonymous_10)
FN:12,(anonymous_12)
FN:15,(anonymous_13)
FN:16,(anonymous_15)
FN:19,(anonymous_16)
FN:23,(anonymous_18)
FN:24,(anonymous_20)
FN:32,(anonymous_21)
FN:33,(anonymous_23)
FNF:11
FNH:11
FNDA:34,(anonymous_7)
FNDA:27,(anonymous_8)
FNDA:18,(anonymous_10)
FNDA:17,(anonymous_12)
FNDA:5,(anonymous_13)
FNDA:4,(anonymous_15)
FNDA:1,(anonymous_16)
FNDA:1,(anonymous_18)
FNDA:1,(anonymous_20)
FNDA:1,(anonymous_21)
FNDA:1,(anonymous_23)
DA:4,9
DA:5,34
DA:8,27
DA:12,18
DA:16,5
DA:20,1
DA:24,1
DA:25,1
DA:27,1
DA:28,1
DA:33,1
DA:34,1
DA:36,1
DA:37,1
LF:14
LH:14
BRDA:27,0,0,1
BRDA:36,1,0,1
BRF:2
BRH:2
end_of_record
TN:
SF:src/repository/ride/rideRepositoryInMemory.ts
FN:4,(anonymous_7)
FN:7,(anonymous_8)
FN:11,(anonymous_10)
FN:12,(anonymous_12)
FN:15,(anonymous_13)
FN:16,(anonymous_15)
FN:24,(anonymous_16)
FN:25,(anonymous_18)
FN:26,(anonymous_19)
FN:26,(anonymous_20)
FN:29,(anonymous_21)
FN:30,(anonymous_23)
FN:31,(anonymous_24)
FN:31,(anonymous_25)
FNF:14
FNH:12
FNDA:15,(anonymous_7)
FNDA:12,(anonymous_8)
FNDA:13,(anonymous_10)
FNDA:12,(anonymous_12)
FNDA:2,(anonymous_13)
FNDA:2,(anonymous_15)
FNDA:3,(anonymous_16)
FNDA:0,(anonymous_18)
FNDA:1,(anonymous_19)
FNDA:1,(anonymous_20)
FNDA:2,(anonymous_21)
FNDA:0,(anonymous_23)
FNDA:3,(anonymous_24)
FNDA:2,(anonymous_25)
DA:4,4
DA:5,15
DA:8,12
DA:12,13
DA:16,2
DA:17,2
DA:19,2
DA:20,2
DA:25,3
DA:26,3
DA:30,2
DA:31,3
LF:12
LH:12
BRDA:19,0,0,2
BRDA:25,1,0,0
BRDA:25,2,0,3
BRDA:25,2,1,3
BRDA:26,3,0,1
BRDA:26,3,1,1
BRDA:26,4,0,0
BRDA:26,4,1,1
BRDA:30,5,0,0
BRDA:30,6,0,2
BRDA:30,6,1,2
BRDA:30,7,0,0
BRDA:30,7,1,0
BRDA:30,8,0,0
BRDA:30,8,1,0
BRDA:31,9,0,3
BRDA:31,9,1,1
BRDA:31,10,0,2
BRDA:31,10,1,1
BRDA:31,11,0,3
BRDA:31,11,1,1
BRDA:31,12,0,2
BRDA:31,12,1,0
BRF:23
BRH:15
end_of_record
TN:
SF:src/usecase/account/deleteAccountUseCase.ts
FN:4,(anonymous_7)
FN:6,(anonymous_8)
FNF:2
FNH:2
FNDA:3,(anonymous_7)
FNDA:2,(anonymous_8)
DA:3,1
DA:4,3
DA:7,2
DA:8,2
DA:9,1
DA:11,1
LF:6
LH:6
BRDA:8,0,0,1
BRF:1
BRH:1
end_of_record
TN:
SF:src/usecase/account/getAccountUseCase.ts
FN:5,(anonymous_7)
FN:7,(anonymous_8)
FNF:2
FNH:2
FNDA:4,(anonymous_7)
FNDA:3,(anonymous_8)
DA:4,1
DA:5,4
DA:8,3
DA:9,3
DA:10,1
DA:12,2
LF:6
LH:6
BRDA:9,0,0,1
BRF:1
BRH:1
end_of_record
TN:
SF:src/usecase/account/listAccountsUseCase.ts
FN:4,(anonymous_7)
FN:6,(anonymous_8)
FNF:2
FNH:2
FNDA:2,(anonymous_7)
FNDA:1,(anonymous_8)
DA:3,1
DA:4,2
DA:7,1
LF:3
LH:3
BRF:0
BRH:0
end_of_record
TN:
SF:src/usecase/account/signupUseCase.ts
FN:10,(anonymous_8)
FN:12,(anonymous_9)
FNF:2
FNH:2
FNDA:7,(anonymous_8)
FNDA:6,(anonymous_9)
DA:1,1
DA:3,1
DA:4,1
DA:5,1
DA:6,1
DA:7,1
DA:9,1
DA:10,7
DA:13,6
DA:14,5
DA:15,4
DA:16,3
DA:17,2
DA:18,2
DA:20,1
DA:21,1
DA:31,1
DA:32,1
LF:18
LH:18
BRDA:13,0,0,1
BRDA:14,1,0,1
BRDA:15,2,0,1
BRDA:16,3,0,1
BRDA:18,4,0,1
BRF:5
BRH:5
end_of_record
TN:
SF:src/usecase/account/updateAccountUseCase.ts
FN:8,(anonymous_7)
FN:10,(anonymous_8)
FNF:2
FNH:2
FNDA:9,(anonymous_7)
FNDA:6,(anonymous_8)
DA:3,1
DA:4,1
DA:5,1
DA:7,1
DA:8,9
DA:11,6
DA:12,5
DA:13,4
DA:15,3
DA:16,3
DA:18,2
DA:19,2
DA:20,2
DA:21,1
DA:24,1
LF:15
LH:15
BRDA:11,0,0,1
BRDA:12,1,0,1
BRDA:13,2,0,1
BRDA:16,3,0,1
BRDA:16,4,0,3
BRDA:16,4,1,1
BRDA:20,5,0,1
BRF:7
BRH:7
end_of_record
TN:
SF:src/usecase/ride/acceptRideUseCase.ts
FN:6,(anonymous_8)
FN:11,(anonymous_9)
FNF:2
FNH:2
FNDA:6,(anonymous_8)
FNDA:6,(anonymous_9)
DA:3,1
DA:5,1
DA:7,6
DA:8,6
DA:12,6
DA:13,6
DA:14,5
DA:16,4
DA:17,4
DA:18,3
DA:20,2
DA:21,2
DA:22,2
DA:24,1
DA:25,1
DA:26,1
LF:16
LH:16
BRDA:13,0,0,1
BRDA:14,1,0,1
BRDA:17,2,0,1
BRDA:18,3,0,1
BRDA:20,4,0,2
BRDA:20,4,1,0
BRDA:22,5,0,1
BRF:7
BRH:6
end_of_record
TN:
SF:src/usecase/ride/gerRideUseCase.ts
FN:4,(anonymous_7)
FN:6,(anonymous_8)
FNF:2
FNH:2
FNDA:2,(anonymous_7)
FNDA:2,(anonymous_8)
DA:3,1
DA:4,2
DA:7,2
DA:8,2
DA:9,1
LF:5
LH:5
BRDA:8,0,0,1
BRF:1
BRH:1
end_of_record
TN:
SF:src/usecase/ride/requestRideUseCase.ts
FN:9,(anonymous_8)
FN:14,(anonymous_9)
FNF:2
FNH:2
FNDA:4,(anonymous_8)
FNDA:5,(anonymous_9)
DA:3,1
DA:4,1
DA:6,1
DA:8,1
DA:10,4
DA:11,4
DA:15,5
DA:16,5
DA:17,4
DA:19,3
DA:20,3
DA:22,2
DA:23,2
DA:24,2
DA:25,2
LF:15
LH:15
BRDA:16,0,0,1
BRDA:17,1,0,1
BRDA:20,2,0,1
BRF:3
BRH:3
end_of_record
TN:
SF:src/usecase/ride/startRideUseCase.ts
FN:5,(anonymous_8)
FN:7,(anonymous_9)
FNF:2
FNH:2
FNDA:3,(anonymous_8)
FNDA:3,(anonymous_9)
DA:2,1
DA:4,1
DA:5,3
DA:8,3
DA:9,3
DA:10,3
DA:11,2
DA:12,1
DA:13,1
LF:9
LH:9
BRDA:9,0,0,0
BRDA:10,1,0,1
BRDA:11,2,0,1
BRF:3
BRH:2
end_of_record
TN:
SF:src/usecase/validators/validateCarPlate.ts
FN:1,validateCarPlate
FNF:1
FNH:1
FNDA:11,validateCarPlate
DA:1,2
DA:2,11
DA:3,11
LF:3
LH:3
BRF:0
BRH:0
end_of_record
TN:
SF:src/usecase/validators/validateCpf.ts
FN:1,validateCpf
FN:11,removeNonDigits
FN:15,isInvalidLength
FN:20,hasAllDigitsEqual
FN:22,(anonymous_4)
FN:25,calculateDigit
FN:34,extractDigit
FNF:7
FNH:7
FNDA:15,validateCpf
FNDA:13,removeNonDigits
FNDA:13,isInvalidLength
FNDA:12,hasAllDigitsEqual
FNDA:33,(anonymous_4)
FNDA:22,calculateDigit
FNDA:11,extractDigit
DA:1,3
DA:2,15
DA:3,13
DA:4,13
DA:5,12
DA:6,11
DA:7,11
DA:8,11
DA:12,13
DA:16,13
DA:17,13
DA:21,12
DA:22,33
DA:26,22
DA:27,22
DA:28,242
DA:30,22
DA:31,22
DA:35,11
LF:19
LH:19
BRDA:2,0,0,2
BRDA:4,1,0,1
BRDA:5,2,0,1
BRDA:28,3,0,209
BRDA:31,4,0,7
BRDA:31,4,1,15
BRF:6
BRH:6
end_of_record
TN:
SF:src/usecase/validators/validateEmail.ts
FN:1,validateEmail
FNF:1
FNH:1
FNDA:18,validateEmail
DA:1,3
DA:2,18
DA:3,18
LF:3
LH:3
BRF:0
BRH:0
end_of_record
TN:
SF:src/usecase/validators/validateFullName.ts
FN:1,validateFullName
FNF:1
FNH:1
FNDA:20,validateFullName
DA:1,3
DA:2,20
DA:3,20
LF:3
LH:3
BRF:0
BRH:0
end_of_record
TN:
SF:test/usecase/ride/rideTestUtils.ts
FN:12,(anonymous_8)
FN:27,(anonymous_10)
FNF:2
FNH:2
FNDA:9,(anonymous_8)
FNDA:14,(anonymous_10)
DA:2,2
DA:3,2
DA:4,2
DA:5,2
DA:7,2
DA:10,2
DA:18,9
DA:19,9
DA:20,9
DA:21,9
DA:22,9
DA:23,9
DA:24,9
DA:32,14
DA:33,14
DA:34,14
DA:35,14
LF:17
LH:17
BRDA:15,0,0,3
BRDA:21,1,0,3
BRDA:21,1,1,6
BRF:3
BRH:3
end_of_record
